<?xml version="1.0" encoding="UTF-8"?>
<testsuite name="com.example.sucursalapp.SucursalAppApplicationTests" tests="1" skipped="0" failures="0" errors="0" timestamp="2020-04-21T00:33:47" hostname="janielcito-Aspire-ES1-572" time="0.02">
  <properties/>
  <testcase name="contextLoads()" classname="com.example.sucursalapp.SucursalAppApplicationTests" time="0.02"/>
  <system-out><![CDATA[2020-04-20 21:33:45.327  INFO 11312 --- [    Test worker] .b.t.c.SpringBootTestContextBootstrapper : Neither @ContextConfiguration nor @ContextHierarchy found for test class [com.example.sucursalapp.SucursalAppApplicationTests], using SpringBootContextLoader
2020-04-20 21:33:45.328  INFO 11312 --- [    Test worker] o.s.t.c.support.AbstractContextLoader    : Could not detect default resource locations for test class [com.example.sucursalapp.SucursalAppApplicationTests]: no resource found for suffixes {-context.xml, Context.groovy}.
2020-04-20 21:33:45.329  INFO 11312 --- [    Test worker] t.c.s.AnnotationConfigContextLoaderUtils : Could not detect default configuration classes for test class [com.example.sucursalapp.SucursalAppApplicationTests]: SucursalAppApplicationTests does not declare any static, non-private, non-final, nested classes annotated with @Configuration.
2020-04-20 21:33:45.334  INFO 11312 --- [    Test worker] .b.t.c.SpringBootTestContextBootstrapper : Found @SpringBootConfiguration com.example.sucursalapp.SucursalAppApplication for test class com.example.sucursalapp.SucursalAppApplicationTests
2020-04-20 21:33:45.336  INFO 11312 --- [    Test worker] .b.t.c.SpringBootTestContextBootstrapper : Loaded default TestExecutionListener class names from location [META-INF/spring.factories]: [org.springframework.boot.test.autoconfigure.restdocs.RestDocsTestExecutionListener, org.springframework.boot.test.autoconfigure.web.client.MockRestServiceServerResetTestExecutionListener, org.springframework.boot.test.autoconfigure.web.servlet.MockMvcPrintOnlyOnFailureTestExecutionListener, org.springframework.boot.test.autoconfigure.web.servlet.WebDriverTestExecutionListener, org.springframework.boot.test.mock.mockito.MockitoTestExecutionListener, org.springframework.boot.test.mock.mockito.ResetMocksTestExecutionListener, org.springframework.test.context.web.ServletTestExecutionListener, org.springframework.test.context.support.DirtiesContextBeforeModesTestExecutionListener, org.springframework.test.context.support.DependencyInjectionTestExecutionListener, org.springframework.test.context.support.DirtiesContextTestExecutionListener, org.springframework.test.context.transaction.TransactionalTestExecutionListener, org.springframework.test.context.jdbc.SqlScriptsTestExecutionListener, org.springframework.test.context.event.EventPublishingTestExecutionListener]
2020-04-20 21:33:45.337  INFO 11312 --- [    Test worker] .b.t.c.SpringBootTestContextBootstrapper : Using TestExecutionListeners: [org.springframework.test.context.web.ServletTestExecutionListener@5c751be9, org.springframework.test.context.support.DirtiesContextBeforeModesTestExecutionListener@7c96e267, org.springframework.boot.test.mock.mockito.MockitoTestExecutionListener@5e8e02b2, org.springframework.boot.test.autoconfigure.SpringBootDependencyInjectionTestExecutionListener@2b29bc7d, org.springframework.test.context.support.DirtiesContextTestExecutionListener@5f7740a2, org.springframework.test.context.transaction.TransactionalTestExecutionListener@143904f1, org.springframework.test.context.jdbc.SqlScriptsTestExecutionListener@3a8c0f56, org.springframework.test.context.event.EventPublishingTestExecutionListener@5c20962e, org.springframework.boot.test.autoconfigure.restdocs.RestDocsTestExecutionListener@3937bf58, org.springframework.boot.test.autoconfigure.web.client.MockRestServiceServerResetTestExecutionListener@65f52a03, org.springframework.boot.test.autoconfigure.web.servlet.MockMvcPrintOnlyOnFailureTestExecutionListener@3f597f54, org.springframework.boot.test.autoconfigure.web.servlet.WebDriverTestExecutionListener@67901f77, org.springframework.boot.test.mock.mockito.ResetMocksTestExecutionListener@63d9b1a2]

  .   ____          _            __ _ _
 /\\ / ___'_ __ _ _(_)_ __  __ _ \ \ \ \
( ( )\___ | '_ | '_| | '_ \/ _` | \ \ \ \
 \\/  ___)| |_)| | | | | || (_| |  ) ) ) )
  '  |____| .__|_| |_|_| |_\__, | / / / /
 =========|_|==============|___/=/_/_/_/
 :: Spring Boot ::        (v2.2.6.RELEASE)

2020-04-20 21:33:45.377  INFO 11312 --- [    Test worker] c.e.s.SucursalAppApplicationTests        : Starting SucursalAppApplicationTests on janielcito-Aspire-ES1-572 with PID 11312 (started by janielcito in /home/janielcito/IdeaProjects/sucursal-app)
2020-04-20 21:33:45.378  INFO 11312 --- [    Test worker] c.e.s.SucursalAppApplicationTests        : No active profile set, falling back to default profiles: default
2020-04-20 21:33:45.741  INFO 11312 --- [    Test worker] .s.d.r.c.RepositoryConfigurationDelegate : Bootstrapping Spring Data JPA repositories in DEFAULT mode.
2020-04-20 21:33:45.762  INFO 11312 --- [    Test worker] .s.d.r.c.RepositoryConfigurationDelegate : Finished Spring Data repository scanning in 9ms. Found 1 JPA repository interfaces.
2020-04-20 21:33:45.985  INFO 11312 --- [    Test worker] o.hibernate.jpa.internal.util.LogHelper  : HHH000204: Processing PersistenceUnitInfo [name: default]
2020-04-20 21:33:45.993  INFO 11312 --- [    Test worker] com.zaxxer.hikari.HikariDataSource       : HikariPool-1 - Starting...
2020-04-20 21:33:46.009  INFO 11312 --- [    Test worker] com.zaxxer.hikari.HikariDataSource       : HikariPool-1 - Start completed.
2020-04-20 21:33:46.018  INFO 11312 --- [    Test worker] org.hibernate.dialect.Dialect            : HHH000400: Using dialect: org.hibernate.dialect.H2Dialect
2020-04-20 21:33:46.055  INFO 11312 --- [    Test worker] o.hibernate.id.enhanced.TableGenerator   : HHH000398: Explicit segment value for id generator [hibernate_sequences.sequence_name] suggested; using default [default]
2020-04-20 21:33:46.137  INFO 11312 --- [    Test worker] o.h.t.schema.internal.SchemaCreatorImpl  : HHH000476: Executing import script 'file:/home/janielcito/IdeaProjects/sucursal-app/build/resources/main/import.sql'
2020-04-20 21:33:46.145  INFO 11312 --- [    Test worker] o.h.e.t.j.p.i.JtaPlatformInitiator       : HHH000490: Using JtaPlatform implementation: [org.hibernate.engine.transaction.jta.platform.internal.NoJtaPlatform]
2020-04-20 21:33:46.146  INFO 11312 --- [    Test worker] j.LocalContainerEntityManagerFactoryBean : Initialized JPA EntityManagerFactory for persistence unit 'default'
2020-04-20 21:33:46.221  INFO 11312 --- [    Test worker] org.dozer.DozerBeanMapper                : Initializing a new instance of dozer bean mapper.
2020-04-20 21:33:46.492  WARN 11312 --- [    Test worker] JpaBaseConfiguration$JpaWebConfiguration : spring.jpa.open-in-view is enabled by default. Therefore, database queries may be performed during view rendering. Explicitly configure spring.jpa.open-in-view to disable this warning
2020-04-20 21:33:46.690  INFO 11312 --- [    Test worker] pertySourcedRequestMappingHandlerMapping : Mapped URL path [/v2/api-docs] onto method [springfox.documentation.swagger2.web.Swagger2Controller#getDocumentation(String, HttpServletRequest)]
2020-04-20 21:33:46.902  INFO 11312 --- [    Test worker] o.s.s.concurrent.ThreadPoolTaskExecutor  : Initializing ExecutorService 'applicationTaskExecutor'
2020-04-20 21:33:47.054  INFO 11312 --- [    Test worker] o.s.b.a.h2.H2ConsoleAutoConfiguration    : H2 console available at '/h2-console'. Database available at 'jdbc:h2:mem:testdb'
2020-04-20 21:33:47.137  INFO 11312 --- [    Test worker] d.s.w.p.DocumentationPluginsBootstrapper : Context refreshed
2020-04-20 21:33:47.138  INFO 11312 --- [    Test worker] d.s.w.p.DocumentationPluginsBootstrapper : Found 1 custom documentation plugin(s)
2020-04-20 21:33:47.149  INFO 11312 --- [    Test worker] s.d.s.w.s.ApiListingReferenceScanner     : Scanning for api listing references
2020-04-20 21:33:47.186  INFO 11312 --- [    Test worker] .d.s.w.r.o.CachingOperationNameGenerator : Generating unique operation named: findByIdUsingGET_1
2020-04-20 21:33:47.198  INFO 11312 --- [    Test worker] c.e.s.SucursalAppApplicationTests        : Started SucursalAppApplicationTests in 1.851 seconds (JVM running for 12.005)
]]></system-out>
  <system-err><![CDATA[]]></system-err>
</testsuite>
